This file contains any messages produced by compilers while
running configure, to aid debugging if configure makes a mistake.

It was created by configure, which was
generated by GNU Autoconf 2.69.  Invocation command line was

  $ ./configure --prefix=/Users/baidu/zhangsen/zhangtuo/work/cmake/dependency

## --------- ##
## Platform. ##
## --------- ##

hostname = B0000000101351
uname -m = x86_64
uname -r = 15.6.0
uname -s = Darwin
uname -v = Darwin Kernel Version 15.6.0: Tue Jan  9 20:12:05 PST 2018; root:xnu-3248.73.5~1/RELEASE_X86_64

/usr/bin/uname -p = i386
/bin/uname -X     = unknown

/bin/arch              = unknown
/usr/bin/arch -k       = unknown
/usr/convex/getsysinfo = unknown
/usr/bin/hostinfo      = Mach kernel version:
	 Darwin Kernel Version 15.6.0: Tue Jan  9 20:12:05 PST 2018; root:xnu-3248.73.5~1/RELEASE_X86_64
Kernel configured for up to 4 processors.
2 processors are physically available.
4 processors are logically available.
Processor type: x86_64h (Intel x86-64h Haswell)
Processors active: 0 1 2 3
Primary memory available: 8.00 gigabytes
Default processor set: 300 tasks, 1608 threads, 4 processors
Load average: 5.00, Mach factor: 0.67
/bin/machine           = unknown
/usr/bin/oslevel       = unknown
/bin/universe          = unknown

PATH: /opt/local/bin
PATH: /opt/local/sbin
PATH: /Users/baidu/.Comake2/comake
PATH: /Users/baidu/zhangsen/rd/bin/bin
PATH: /Users/baidu/zhangsen/rd/bin/sbin
PATH: /usr/local/bin
PATH: /usr/bin
PATH: /bin
PATH: /usr/sbin
PATH: /sbin
PATH: /usr/local/share/dotnet
PATH: /Library/Frameworks/Mono.framework/Versions/Current/Commands
PATH: /Users/baidu/shell


## ----------- ##
## Core tests. ##
## ----------- ##

configure:2505: checking build system type
configure:2519: result: x86_64-apple-darwin15.6.0
configure:2539: checking host system type
configure:2552: result: x86_64-apple-darwin15.6.0
configure:2572: checking target system type
configure:2585: result: x86_64-apple-darwin15.6.0
configure:2648: checking for a BSD-compatible install
configure:2716: result: /usr/bin/install -c
configure:2727: checking whether build environment is sane
configure:2782: result: yes
configure:2933: checking for a thread-safe mkdir -p
configure:2972: result: ./install-sh -c -d
configure:2979: checking for gawk
configure:3009: result: no
configure:2979: checking for mawk
configure:3009: result: no
configure:2979: checking for nawk
configure:3009: result: no
configure:2979: checking for awk
configure:2995: found /usr/bin/awk
configure:3006: result: awk
configure:3017: checking whether make sets $(MAKE)
configure:3039: result: yes
configure:3068: checking whether make supports nested variables
configure:3085: result: yes
configure:3204: checking whether to enable maintainer-specific portions of Makefiles
configure:3213: result: no
configure:3276: checking for gcc
configure:3292: found /usr/bin/gcc
configure:3303: result: gcc
configure:3532: checking for C compiler version
configure:3541: gcc --version >&5
Apple LLVM version 8.0.0 (clang-800.0.42.1)
Target: x86_64-apple-darwin15.6.0
Thread model: posix
InstalledDir: /Applications/Xcode.app/Contents/Developer/Toolchains/XcodeDefault.xctoolchain/usr/bin
Configured with: --prefix=/Applications/Xcode.app/Contents/Developer/usr --with-gxx-include-dir=/usr/include/c++/4.2.1
configure:3552: $? = 0
configure:3541: gcc -v >&5
Configured with: --prefix=/Applications/Xcode.app/Contents/Developer/usr --with-gxx-include-dir=/usr/include/c++/4.2.1
Apple LLVM version 8.0.0 (clang-800.0.42.1)
Target: x86_64-apple-darwin15.6.0
Thread model: posix
InstalledDir: /Applications/Xcode.app/Contents/Developer/Toolchains/XcodeDefault.xctoolchain/usr/bin
configure:3552: $? = 0
configure:3541: gcc -V >&5
clang: error: argument to '-V' is missing (expected 1 value)
clang: error: no input files
configure:3552: $? = 1
configure:3541: gcc -qversion >&5
clang: error: unknown argument: '-qversion'
clang: error: no input files
configure:3552: $? = 1
configure:3572: checking whether the C compiler works
configure:3594: gcc    conftest.c  >&5
configure:3598: $? = 0
configure:3646: result: yes
configure:3649: checking for C compiler default output file name
configure:3651: result: a.out
configure:3657: checking for suffix of executables
configure:3664: gcc -o conftest    conftest.c  >&5
configure:3668: $? = 0
configure:3690: result: 
configure:3712: checking whether we are cross compiling
configure:3720: gcc -o conftest    conftest.c  >&5
configure:3724: $? = 0
configure:3731: ./conftest
configure:3735: $? = 0
configure:3750: result: no
configure:3755: checking for suffix of object files
configure:3777: gcc -c   conftest.c >&5
configure:3781: $? = 0
configure:3802: result: o
configure:3806: checking whether we are using the GNU C compiler
configure:3825: gcc -c   conftest.c >&5
configure:3825: $? = 0
configure:3834: result: yes
configure:3843: checking whether gcc accepts -g
configure:3863: gcc -c -g  conftest.c >&5
configure:3863: $? = 0
configure:3904: result: yes
configure:3921: checking for gcc option to accept ISO C89
configure:3984: gcc  -c -g -O2  conftest.c >&5
configure:3984: $? = 0
configure:3997: result: none needed
configure:4022: checking whether gcc understands -c and -o together
configure:4044: gcc -c conftest.c -o conftest2.o
configure:4047: $? = 0
configure:4044: gcc -c conftest.c -o conftest2.o
configure:4047: $? = 0
configure:4059: result: yes
configure:4079: checking whether make supports the include directive
configure:4094: make -f confmf.GNU && cat confinc.out
this is the am__doit target
configure:4097: $? = 0
configure:4116: result: yes (GNU style)
configure:4141: checking dependency style of gcc
configure:4252: result: gcc3
configure:4626: checking how to print strings
configure:4653: result: printf
configure:4674: checking for a sed that does not truncate output
configure:4738: result: /usr/bin/sed
configure:4756: checking for grep that handles long lines and -e
configure:4814: result: /usr/bin/grep
configure:4819: checking for egrep
configure:4881: result: /usr/bin/grep -E
configure:4886: checking for fgrep
configure:4948: result: /usr/bin/grep -F
configure:4983: checking for ld used by gcc
configure:5050: result: /Applications/Xcode.app/Contents/Developer/Toolchains/XcodeDefault.xctoolchain/usr/bin/ld
configure:5057: checking if the linker (/Applications/Xcode.app/Contents/Developer/Toolchains/XcodeDefault.xctoolchain/usr/bin/ld) is GNU ld
configure:5072: result: no
configure:5084: checking for BSD- or MS-compatible name lister (nm)
configure:5138: result: /usr/bin/nm -B
configure:5268: checking the name lister (/usr/bin/nm -B) interface
configure:5275: gcc -c -g -O2  conftest.c >&5
configure:5278: /usr/bin/nm -B "conftest.o"
configure:5281: output
0000000000000210 S _some_variable
configure:5288: result: BSD nm
configure:5291: checking whether ln -s works
configure:5295: result: yes
configure:5303: checking the maximum length of command line arguments
configure:5434: result: 196608
configure:5482: checking how to convert x86_64-apple-darwin15.6.0 file names to x86_64-apple-darwin15.6.0 format
configure:5522: result: func_convert_file_noop
configure:5529: checking how to convert x86_64-apple-darwin15.6.0 file names to toolchain format
configure:5549: result: func_convert_file_noop
configure:5556: checking for /Applications/Xcode.app/Contents/Developer/Toolchains/XcodeDefault.xctoolchain/usr/bin/ld option to reload object files
configure:5563: result: -r
configure:5637: checking for objdump
configure:5664: result: objdump
configure:5693: checking how to recognize dependent libraries
configure:5893: result: pass_all
configure:5978: checking for dlltool
configure:6005: result: dlltool
configure:6035: checking how to associate runtime and link libraries
configure:6062: result: printf %s\n
configure:6123: checking for ar
configure:6139: found /usr/bin/ar
configure:6150: result: ar
configure:6187: checking for archiver @FILE support
configure:6204: gcc -c -g -O2  conftest.c >&5
configure:6204: $? = 0
configure:6207: ar cru libconftest.a @conftest.lst >&5
ar: @conftest.lst: No such file or directory
configure:6210: $? = 1
configure:6230: result: no
configure:6288: checking for strip
configure:6304: found /usr/bin/strip
configure:6315: result: strip
configure:6387: checking for ranlib
configure:6403: found /usr/bin/ranlib
configure:6414: result: ranlib
configure:6516: checking command to parse /usr/bin/nm -B output from gcc object
configure:6669: gcc -c -g -O2  conftest.c >&5
configure:6672: $? = 0
configure:6676: /usr/bin/nm -B conftest.o \| sed -n -e 's/^.*[ ]\([BCDEGRST][BCDEGRST]*\)[ ][ ]*\([_A-Za-z][_A-Za-z0-9]*\)$/\1 \2 \2/p' | sed '/ __gnu_lto/d' \> conftest.nm
configure:6679: $? = 0
cannot find nm_test_var in conftest.nm
configure:6669: gcc -c -g -O2  conftest.c >&5
configure:6672: $? = 0
configure:6676: /usr/bin/nm -B conftest.o \| sed -n -e 's/^.*[ ]\([BCDEGRST][BCDEGRST]*\)[ ][ ]*_\([_A-Za-z][_A-Za-z0-9]*\)$/\1 _\2 \2/p' | sed '/ __gnu_lto/d' \> conftest.nm
configure:6679: $? = 0
configure:6745: gcc -o conftest -g -O2   conftest.c conftstm.o >&5
warning: (x86_64)  could not find object file symbol for symbol _main
configure:6748: $? = 0
configure:6786: result: ok
configure:6833: checking for sysroot
configure:6863: result: no
configure:6870: checking for a working dd
configure:6908: result: /bin/dd
configure:6912: checking how to truncate binary pipes
configure:6927: result: /bin/dd bs=4096 count=1
configure:7256: checking for mt
configure:7286: result: no
configure:7306: checking if : is a manifest tool
configure:7312: : '-?'
configure:7320: result: no
configure:7376: checking for dsymutil
configure:7392: found /usr/bin/dsymutil
configure:7403: result: dsymutil
configure:7468: checking for nmedit
configure:7484: found /usr/bin/nmedit
configure:7495: result: nmedit
configure:7560: checking for lipo
configure:7576: found /usr/bin/lipo
configure:7587: result: lipo
configure:7652: checking for otool
configure:7668: found /usr/bin/otool
configure:7679: result: otool
configure:7744: checking for otool64
configure:7774: result: no
configure:7819: checking for -single_module linker flag
gcc -g -O2  -o libconftest.dylib -dynamiclib -Wl,-single_module conftest.c
configure:7852: result: yes
configure:7855: checking for -exported_symbols_list linker flag
configure:7875: gcc -o conftest -g -O2   -Wl,-exported_symbols_list,conftest.sym conftest.c  >&5
configure:7875: $? = 0
configure:7885: result: yes
configure:7888: checking for -force_load linker flag
gcc -g -O2 -c -o conftest.o conftest.c
ar cru libconftest.a conftest.o
ranlib libconftest.a
gcc -g -O2  -o conftest conftest.c -Wl,-force_load,./libconftest.a
configure:7920: result: yes
configure:7997: checking how to run the C preprocessor
configure:8028: gcc -E  conftest.c
configure:8028: $? = 0
configure:8042: gcc -E  conftest.c
conftest.c:10:10: fatal error: 'ac_nonexistent.h' file not found
#include <ac_nonexistent.h>
         ^
1 error generated.
configure:8042: $? = 1
configure: failed program was:
| /* confdefs.h */
| #define PACKAGE_NAME ""
| #define PACKAGE_TARNAME ""
| #define PACKAGE_VERSION ""
| #define PACKAGE_STRING ""
| #define PACKAGE_BUGREPORT ""
| #define PACKAGE_URL ""
| #define USE_UNSTABLE_GEOS_CPP_API 1
| /* end confdefs.h.  */
| #include <ac_nonexistent.h>
configure:8067: result: gcc -E
configure:8087: gcc -E  conftest.c
configure:8087: $? = 0
configure:8101: gcc -E  conftest.c
conftest.c:10:10: fatal error: 'ac_nonexistent.h' file not found
#include <ac_nonexistent.h>
         ^
1 error generated.
configure:8101: $? = 1
configure: failed program was:
| /* confdefs.h */
| #define PACKAGE_NAME ""
| #define PACKAGE_TARNAME ""
| #define PACKAGE_VERSION ""
| #define PACKAGE_STRING ""
| #define PACKAGE_BUGREPORT ""
| #define PACKAGE_URL ""
| #define USE_UNSTABLE_GEOS_CPP_API 1
| /* end confdefs.h.  */
| #include <ac_nonexistent.h>
configure:8130: checking for ANSI C header files
configure:8150: gcc -c -g -O2  conftest.c >&5
configure:8150: $? = 0
configure:8223: gcc -o conftest -g -O2   conftest.c  >&5
configure:8223: $? = 0
configure:8223: ./conftest
configure:8223: $? = 0
configure:8234: result: yes
configure:8247: checking for sys/types.h
configure:8247: gcc -c -g -O2  conftest.c >&5
configure:8247: $? = 0
configure:8247: result: yes
configure:8247: checking for sys/stat.h
configure:8247: gcc -c -g -O2  conftest.c >&5
configure:8247: $? = 0
configure:8247: result: yes
configure:8247: checking for stdlib.h
configure:8247: gcc -c -g -O2  conftest.c >&5
configure:8247: $? = 0
configure:8247: result: yes
configure:8247: checking for string.h
configure:8247: gcc -c -g -O2  conftest.c >&5
configure:8247: $? = 0
configure:8247: result: yes
configure:8247: checking for memory.h
configure:8247: gcc -c -g -O2  conftest.c >&5
configure:8247: $? = 0
configure:8247: result: yes
configure:8247: checking for strings.h
configure:8247: gcc -c -g -O2  conftest.c >&5
configure:8247: $? = 0
configure:8247: result: yes
configure:8247: checking for inttypes.h
configure:8247: gcc -c -g -O2  conftest.c >&5
configure:8247: $? = 0
configure:8247: result: yes
configure:8247: checking for stdint.h
configure:8247: gcc -c -g -O2  conftest.c >&5
configure:8247: $? = 0
configure:8247: result: yes
configure:8247: checking for unistd.h
configure:8247: gcc -c -g -O2  conftest.c >&5
configure:8247: $? = 0
configure:8247: result: yes
configure:8261: checking for dlfcn.h
configure:8261: gcc -c -g -O2  conftest.c >&5
configure:8261: $? = 0
configure:8261: result: yes
configure:8513: checking for objdir
configure:8528: result: .libs
configure:8792: checking if gcc supports -fno-rtti -fno-exceptions
configure:8810: gcc -c -g -O2  -fno-rtti -fno-exceptions conftest.c >&5
configure:8814: $? = 0
configure:8827: result: yes
configure:9185: checking for gcc option to produce PIC
configure:9192: result: -fno-common -DPIC
configure:9200: checking if gcc PIC flag -fno-common -DPIC works
configure:9218: gcc -c -g -O2  -fno-common -DPIC -DPIC conftest.c >&5
configure:9222: $? = 0
configure:9235: result: yes
configure:9264: checking if gcc static flag -static works
configure:9292: result: no
configure:9307: checking if gcc supports -c -o file.o
configure:9328: gcc -c -g -O2  -o out/conftest2.o conftest.c >&5
configure:9332: $? = 0
configure:9354: result: yes
configure:9362: checking if gcc supports -c -o file.o
configure:9409: result: yes
configure:9442: checking whether the gcc linker (/Applications/Xcode.app/Contents/Developer/Toolchains/XcodeDefault.xctoolchain/usr/bin/ld) supports shared libraries
configure:10701: result: yes
configure:10941: checking dynamic linker characteristics
configure:11759: result: darwin15.6.0 dyld
configure:11881: checking how to hardcode library paths into programs
configure:11906: result: immediate
configure:11951: checking for dlopen in -ldl
configure:11976: gcc -o conftest -g -O2   conftest.c -ldl   >&5
configure:11976: $? = 0
configure:11985: result: yes
configure:12208: checking whether a program can dlopen itself
configure:12288: gcc -o conftest -g -O2  -DHAVE_DLFCN_H   conftest.c -ldl  >&5
configure:12291: $? = 0
configure:12309: result: yes
configure:12314: checking whether a statically linked program can dlopen itself
configure:12394: gcc -o conftest -g -O2  -DHAVE_DLFCN_H    conftest.c -ldl  >&5
configure:12397: $? = 0
configure:12415: result: yes
configure:12454: checking whether stripping libraries is possible
configure:12468: result: yes
configure:12494: checking if libtool supports shared libraries
configure:12496: result: yes
configure:12499: checking whether to build shared libraries
configure:12524: result: yes
configure:12527: checking whether to build static libraries
configure:12531: result: yes
configure:12627: checking for g++
configure:12643: found /usr/bin/g++
configure:12654: result: g++
configure:12681: checking for C++ compiler version
configure:12690: g++ --version >&5
Apple LLVM version 8.0.0 (clang-800.0.42.1)
Target: x86_64-apple-darwin15.6.0
Thread model: posix
InstalledDir: /Applications/Xcode.app/Contents/Developer/Toolchains/XcodeDefault.xctoolchain/usr/bin
Configured with: --prefix=/Applications/Xcode.app/Contents/Developer/usr --with-gxx-include-dir=/usr/include/c++/4.2.1
configure:12701: $? = 0
configure:12690: g++ -v >&5
Configured with: --prefix=/Applications/Xcode.app/Contents/Developer/usr --with-gxx-include-dir=/usr/include/c++/4.2.1
Apple LLVM version 8.0.0 (clang-800.0.42.1)
Target: x86_64-apple-darwin15.6.0
Thread model: posix
InstalledDir: /Applications/Xcode.app/Contents/Developer/Toolchains/XcodeDefault.xctoolchain/usr/bin
configure:12701: $? = 0
configure:12690: g++ -V >&5
clang: error: argument to '-V' is missing (expected 1 value)
clang: error: no input files
configure:12701: $? = 1
configure:12690: g++ -qversion >&5
clang: error: unknown argument: '-qversion'
clang: error: no input files
configure:12701: $? = 1
configure:12705: checking whether we are using the GNU C++ compiler
configure:12724: g++ -c   conftest.cpp >&5
configure:12724: $? = 0
configure:12733: result: yes
configure:12742: checking whether g++ accepts -g
configure:12762: g++ -c -g  conftest.cpp >&5
configure:12762: $? = 0
configure:12803: result: yes
configure:12828: checking dependency style of g++
configure:12939: result: gcc3
configure:12972: checking how to run the C++ preprocessor
configure:12999: g++ -E  conftest.cpp
configure:12999: $? = 0
configure:13013: g++ -E  conftest.cpp
conftest.cpp:22:10: fatal error: 'ac_nonexistent.h' file not found
#include <ac_nonexistent.h>
         ^
1 error generated.
configure:13013: $? = 1
configure: failed program was:
| /* confdefs.h */
| #define PACKAGE_NAME ""
| #define PACKAGE_TARNAME ""
| #define PACKAGE_VERSION ""
| #define PACKAGE_STRING ""
| #define PACKAGE_BUGREPORT ""
| #define PACKAGE_URL ""
| #define USE_UNSTABLE_GEOS_CPP_API 1
| #define STDC_HEADERS 1
| #define HAVE_SYS_TYPES_H 1
| #define HAVE_SYS_STAT_H 1
| #define HAVE_STDLIB_H 1
| #define HAVE_STRING_H 1
| #define HAVE_MEMORY_H 1
| #define HAVE_STRINGS_H 1
| #define HAVE_INTTYPES_H 1
| #define HAVE_STDINT_H 1
| #define HAVE_UNISTD_H 1
| #define HAVE_DLFCN_H 1
| #define LT_OBJDIR ".libs/"
| /* end confdefs.h.  */
| #include <ac_nonexistent.h>
configure:13038: result: g++ -E
configure:13058: g++ -E  conftest.cpp
configure:13058: $? = 0
configure:13072: g++ -E  conftest.cpp
conftest.cpp:22:10: fatal error: 'ac_nonexistent.h' file not found
#include <ac_nonexistent.h>
         ^
1 error generated.
configure:13072: $? = 1
configure: failed program was:
| /* confdefs.h */
| #define PACKAGE_NAME ""
| #define PACKAGE_TARNAME ""
| #define PACKAGE_VERSION ""
| #define PACKAGE_STRING ""
| #define PACKAGE_BUGREPORT ""
| #define PACKAGE_URL ""
| #define USE_UNSTABLE_GEOS_CPP_API 1
| #define STDC_HEADERS 1
| #define HAVE_SYS_TYPES_H 1
| #define HAVE_SYS_STAT_H 1
| #define HAVE_STDLIB_H 1
| #define HAVE_STRING_H 1
| #define HAVE_MEMORY_H 1
| #define HAVE_STRINGS_H 1
| #define HAVE_INTTYPES_H 1
| #define HAVE_STDINT_H 1
| #define HAVE_UNISTD_H 1
| #define HAVE_DLFCN_H 1
| #define LT_OBJDIR ".libs/"
| /* end confdefs.h.  */
| #include <ac_nonexistent.h>
configure:13234: checking for ld used by g++
configure:13301: result: /Applications/Xcode.app/Contents/Developer/Toolchains/XcodeDefault.xctoolchain/usr/bin/ld
configure:13308: checking if the linker (/Applications/Xcode.app/Contents/Developer/Toolchains/XcodeDefault.xctoolchain/usr/bin/ld) is GNU ld
configure:13323: result: no
configure:13378: checking whether the g++ linker (/Applications/Xcode.app/Contents/Developer/Toolchains/XcodeDefault.xctoolchain/usr/bin/ld) supports shared libraries
configure:14451: result: yes
configure:14487: g++ -c -g -O2  conftest.cpp >&5
configure:14490: $? = 0
configure:14971: checking for g++ option to produce PIC
configure:14978: result: -fno-common -DPIC
configure:14986: checking if g++ PIC flag -fno-common -DPIC works
configure:15004: g++ -c -g -O2  -fno-common -DPIC -DPIC conftest.cpp >&5
configure:15008: $? = 0
configure:15021: result: yes
configure:15044: checking if g++ static flag -static works
configure:15072: result: no
configure:15084: checking if g++ supports -c -o file.o
configure:15105: g++ -c -g -O2  -o out/conftest2.o conftest.cpp >&5
configure:15109: $? = 0
configure:15131: result: yes
configure:15136: checking if g++ supports -c -o file.o
configure:15183: result: yes
configure:15213: checking whether the g++ linker (/Applications/Xcode.app/Contents/Developer/Toolchains/XcodeDefault.xctoolchain/usr/bin/ld) supports shared libraries
configure:15253: result: yes
configure:15394: checking dynamic linker characteristics
configure:16139: result: darwin15.6.0 dyld
configure:16204: checking how to hardcode library paths into programs
configure:16229: result: immediate
configure:16269: checking for library containing strerror
configure:16300: gcc -o conftest -g -O2   conftest.c  >&5
conftest.c:29:6: warning: incompatible redeclaration of library function 'strerror' [-Wincompatible-library-redeclaration]
char strerror ();
     ^
conftest.c:29:6: note: 'strerror' is a builtin with type 'char *(int)'
1 warning generated.
configure:16300: $? = 0
configure:16317: result: none required
configure:16326: checking whether make sets $(MAKE)
configure:16348: result: yes
configure:16361: checking for dirent.h that defines DIR
configure:16380: gcc -c -g -O2  conftest.c >&5
configure:16380: $? = 0
configure:16388: result: yes
configure:16401: checking for library containing opendir
configure:16432: gcc -o conftest -g -O2   conftest.c  >&5
configure:16432: $? = 0
configure:16449: result: none required
configure:16516: checking whether closedir returns void
configure:16540: gcc -o conftest -g -O2   conftest.c  >&5
configure:16540: $? = 0
configure:16540: ./conftest
configure:16540: $? = 0
configure:16550: result: no
configure:16558: checking for working memcmp
configure:16601: gcc -o conftest -g -O2   conftest.c  >&5
configure:16601: $? = 0
configure:16601: ./conftest
configure:16601: $? = 0
configure:16611: result: yes
configure:16622: checking for strftime
configure:16622: gcc -o conftest -g -O2   conftest.c  >&5
configure:16622: $? = 0
configure:16622: result: yes
configure:16677: checking for vprintf
configure:16677: gcc -o conftest -g -O2   conftest.c  >&5
conftest.c:47:6: warning: incompatible redeclaration of library function 'vprintf' [-Wincompatible-library-redeclaration]
char vprintf ();
     ^
conftest.c:47:6: note: 'vprintf' is a builtin with type 'int (const char *, struct __va_list_tag *)'
1 warning generated.
configure:16677: $? = 0
configure:16677: result: yes
configure:16683: checking for _doprnt
configure:16683: gcc -o conftest -g -O2   conftest.c  >&5
Undefined symbols for architecture x86_64:
  "__doprnt", referenced from:
      _main in conftest-a668a8.o
ld: symbol(s) not found for architecture x86_64
clang: error: linker command failed with exit code 1 (use -v to see invocation)
configure:16683: $? = 1
configure: failed program was:
| /* confdefs.h */
| #define PACKAGE_NAME ""
| #define PACKAGE_TARNAME ""
| #define PACKAGE_VERSION ""
| #define PACKAGE_STRING ""
| #define PACKAGE_BUGREPORT ""
| #define PACKAGE_URL ""
| #define USE_UNSTABLE_GEOS_CPP_API 1
| #define STDC_HEADERS 1
| #define HAVE_SYS_TYPES_H 1
| #define HAVE_SYS_STAT_H 1
| #define HAVE_STDLIB_H 1
| #define HAVE_STRING_H 1
| #define HAVE_MEMORY_H 1
| #define HAVE_STRINGS_H 1
| #define HAVE_INTTYPES_H 1
| #define HAVE_STDINT_H 1
| #define HAVE_UNISTD_H 1
| #define HAVE_DLFCN_H 1
| #define LT_OBJDIR ".libs/"
| #define HAVE_DIRENT_H 1
| #define HAVE_STRFTIME 1
| #define HAVE_VPRINTF 1
| /* end confdefs.h.  */
| /* Define _doprnt to an innocuous variant, in case <limits.h> declares _doprnt.
|    For example, HP-UX 11i <limits.h> declares gettimeofday.  */
| #define _doprnt innocuous__doprnt
| 
| /* System header to define __stub macros and hopefully few prototypes,
|     which can conflict with char _doprnt (); below.
|     Prefer <limits.h> to <assert.h> if __STDC__ is defined, since
|     <limits.h> exists even on freestanding compilers.  */
| 
| #ifdef __STDC__
| # include <limits.h>
| #else
| # include <assert.h>
| #endif
| 
| #undef _doprnt
| 
| /* Override any GCC internal prototype to avoid an error.
|    Use char because int might match the return type of a GCC
|    builtin and then its argument prototype would still apply.  */
| #ifdef __cplusplus
| extern "C"
| #endif
| char _doprnt ();
| /* The GNU C library defines this for functions which it implements
|     to always fail with ENOSYS.  Some functions are actually named
|     something starting with __ and the normal name is an alias.  */
| #if defined __stub__doprnt || defined __stub____doprnt
| choke me
| #endif
| 
| int
| main ()
| {
| return _doprnt ();
|   ;
|   return 0;
| }
configure:16683: result: no
configure:16694: checking for size_t
configure:16694: gcc -c -g -O2  conftest.c >&5
configure:16694: $? = 0
configure:16694: gcc -c -g -O2  conftest.c >&5
conftest.c:61:21: error: expected expression
if (sizeof ((size_t)))
                    ^
1 error generated.
configure:16694: $? = 1
configure: failed program was:
| /* confdefs.h */
| #define PACKAGE_NAME ""
| #define PACKAGE_TARNAME ""
| #define PACKAGE_VERSION ""
| #define PACKAGE_STRING ""
| #define PACKAGE_BUGREPORT ""
| #define PACKAGE_URL ""
| #define USE_UNSTABLE_GEOS_CPP_API 1
| #define STDC_HEADERS 1
| #define HAVE_SYS_TYPES_H 1
| #define HAVE_SYS_STAT_H 1
| #define HAVE_STDLIB_H 1
| #define HAVE_STRING_H 1
| #define HAVE_MEMORY_H 1
| #define HAVE_STRINGS_H 1
| #define HAVE_INTTYPES_H 1
| #define HAVE_STDINT_H 1
| #define HAVE_UNISTD_H 1
| #define HAVE_DLFCN_H 1
| #define LT_OBJDIR ".libs/"
| #define HAVE_DIRENT_H 1
| #define HAVE_STRFTIME 1
| #define HAVE_VPRINTF 1
| /* end confdefs.h.  */
| #include <stdio.h>
| #ifdef HAVE_SYS_TYPES_H
| # include <sys/types.h>
| #endif
| #ifdef HAVE_SYS_STAT_H
| # include <sys/stat.h>
| #endif
| #ifdef STDC_HEADERS
| # include <stdlib.h>
| # include <stddef.h>
| #else
| # ifdef HAVE_STDLIB_H
| #  include <stdlib.h>
| # endif
| #endif
| #ifdef HAVE_STRING_H
| # if !defined STDC_HEADERS && defined HAVE_MEMORY_H
| #  include <memory.h>
| # endif
| # include <string.h>
| #endif
| #ifdef HAVE_STRINGS_H
| # include <strings.h>
| #endif
| #ifdef HAVE_INTTYPES_H
| # include <inttypes.h>
| #endif
| #ifdef HAVE_STDINT_H
| # include <stdint.h>
| #endif
| #ifdef HAVE_UNISTD_H
| # include <unistd.h>
| #endif
| int
| main ()
| {
| if (sizeof ((size_t)))
| 	    return 0;
|   ;
|   return 0;
| }
configure:16694: result: yes
configure:16707: checking for working alloca.h
configure:16724: gcc -o conftest -g -O2   conftest.c  >&5
configure:16724: $? = 0
configure:16732: result: yes
configure:16740: checking for alloca
configure:16777: gcc -o conftest -g -O2   conftest.c  >&5
configure:16777: $? = 0
configure:16785: result: yes
configure:16894: checking for dirent.h that defines DIR
configure:16921: result: yes
configure:16934: checking for library containing opendir
configure:16982: result: none required
configure:17049: checking for ANSI C header files
configure:17153: result: yes
configure:17163: checking for memory.h
configure:17163: result: yes
configure:17175: checking for unistd.h
configure:17175: result: yes
configure:17187: checking ieeefp.h usability
configure:17187: gcc -c -g -O2  conftest.c >&5
conftest.c:64:10: fatal error: 'ieeefp.h' file not found
#include <ieeefp.h>
         ^
1 error generated.
configure:17187: $? = 1
configure: failed program was:
| /* confdefs.h */
| #define PACKAGE_NAME ""
| #define PACKAGE_TARNAME ""
| #define PACKAGE_VERSION ""
| #define PACKAGE_STRING ""
| #define PACKAGE_BUGREPORT ""
| #define PACKAGE_URL ""
| #define USE_UNSTABLE_GEOS_CPP_API 1
| #define STDC_HEADERS 1
| #define HAVE_SYS_TYPES_H 1
| #define HAVE_SYS_STAT_H 1
| #define HAVE_STDLIB_H 1
| #define HAVE_STRING_H 1
| #define HAVE_MEMORY_H 1
| #define HAVE_STRINGS_H 1
| #define HAVE_INTTYPES_H 1
| #define HAVE_STDINT_H 1
| #define HAVE_UNISTD_H 1
| #define HAVE_DLFCN_H 1
| #define LT_OBJDIR ".libs/"
| #define HAVE_DIRENT_H 1
| #define HAVE_STRFTIME 1
| #define HAVE_VPRINTF 1
| #define HAVE_ALLOCA_H 1
| #define HAVE_ALLOCA 1
| #define HAVE_DIRENT_H 1
| #define STDC_HEADERS 1
| #define HAVE_MEMORY_H 1
| #define HAVE_UNISTD_H 1
| /* end confdefs.h.  */
| #include <stdio.h>
| #ifdef HAVE_SYS_TYPES_H
| # include <sys/types.h>
| #endif
| #ifdef HAVE_SYS_STAT_H
| # include <sys/stat.h>
| #endif
| #ifdef STDC_HEADERS
| # include <stdlib.h>
| # include <stddef.h>
| #else
| # ifdef HAVE_STDLIB_H
| #  include <stdlib.h>
| # endif
| #endif
| #ifdef HAVE_STRING_H
| # if !defined STDC_HEADERS && defined HAVE_MEMORY_H
| #  include <memory.h>
| # endif
| # include <string.h>
| #endif
| #ifdef HAVE_STRINGS_H
| # include <strings.h>
| #endif
| #ifdef HAVE_INTTYPES_H
| # include <inttypes.h>
| #endif
| #ifdef HAVE_STDINT_H
| # include <stdint.h>
| #endif
| #ifdef HAVE_UNISTD_H
| # include <unistd.h>
| #endif
| #include <ieeefp.h>
configure:17187: result: no
configure:17187: checking ieeefp.h presence
configure:17187: gcc -E  conftest.c
conftest.c:31:10: fatal error: 'ieeefp.h' file not found
#include <ieeefp.h>
         ^
1 error generated.
configure:17187: $? = 1
configure: failed program was:
| /* confdefs.h */
| #define PACKAGE_NAME ""
| #define PACKAGE_TARNAME ""
| #define PACKAGE_VERSION ""
| #define PACKAGE_STRING ""
| #define PACKAGE_BUGREPORT ""
| #define PACKAGE_URL ""
| #define USE_UNSTABLE_GEOS_CPP_API 1
| #define STDC_HEADERS 1
| #define HAVE_SYS_TYPES_H 1
| #define HAVE_SYS_STAT_H 1
| #define HAVE_STDLIB_H 1
| #define HAVE_STRING_H 1
| #define HAVE_MEMORY_H 1
| #define HAVE_STRINGS_H 1
| #define HAVE_INTTYPES_H 1
| #define HAVE_STDINT_H 1
| #define HAVE_UNISTD_H 1
| #define HAVE_DLFCN_H 1
| #define LT_OBJDIR ".libs/"
| #define HAVE_DIRENT_H 1
| #define HAVE_STRFTIME 1
| #define HAVE_VPRINTF 1
| #define HAVE_ALLOCA_H 1
| #define HAVE_ALLOCA 1
| #define HAVE_DIRENT_H 1
| #define STDC_HEADERS 1
| #define HAVE_MEMORY_H 1
| #define HAVE_UNISTD_H 1
| /* end confdefs.h.  */
| #include <ieeefp.h>
configure:17187: result: no
configure:17187: checking for ieeefp.h
configure:17187: result: no
configure:17199: checking sys/file.h usability
configure:17199: gcc -c -g -O2  conftest.c >&5
configure:17199: $? = 0
configure:17199: result: yes
configure:17199: checking sys/file.h presence
configure:17199: gcc -E  conftest.c
configure:17199: $? = 0
configure:17199: result: yes
configure:17199: checking for sys/file.h
configure:17199: result: yes
configure:17211: checking sys/time.h usability
configure:17211: gcc -c -g -O2  conftest.c >&5
configure:17211: $? = 0
configure:17211: result: yes
configure:17211: checking sys/time.h presence
configure:17211: gcc -E  conftest.c
configure:17211: $? = 0
configure:17211: result: yes
configure:17211: checking for sys/time.h
configure:17211: result: yes
configure:17224: checking for strchr
configure:17224: gcc -o conftest -g -O2   conftest.c  >&5
conftest.c:56:6: warning: incompatible redeclaration of library function 'strchr' [-Wincompatible-library-redeclaration]
char strchr ();
     ^
conftest.c:56:6: note: 'strchr' is a builtin with type 'char *(const char *, int)'
1 warning generated.
configure:17224: $? = 0
configure:17224: result: yes
configure:17224: checking for memcpy
configure:17224: gcc -o conftest -g -O2   conftest.c  >&5
conftest.c:57:6: warning: incompatible redeclaration of library function 'memcpy' [-Wincompatible-library-redeclaration]
char memcpy ();
     ^
conftest.c:57:6: note: 'memcpy' is a builtin with type 'void *(void *, const void *, unsigned long)'
1 warning generated.
configure:17224: $? = 0
configure:17224: result: yes
configure:17224: checking for gettimeofday
configure:17224: gcc -o conftest -g -O2   conftest.c  >&5
configure:17224: $? = 0
configure:17224: result: yes
configure:17233: checking whether stat file-mode macros are broken
configure:17260: gcc -c -g -O2  conftest.c >&5
configure:17260: $? = 0
configure:17267: result: no
configure:17275: checking whether struct tm is in sys/time.h or time.h
configure:17295: gcc -c -g -O2  conftest.c >&5
configure:17295: $? = 0
configure:17302: result: time.h
configure:17310: checking for size_t
configure:17310: result: yes
configure:17321: checking for an ANSI C-conforming const
configure:17387: gcc -c -g -O2  conftest.c >&5
configure:17387: $? = 0
configure:17394: result: yes
configure:17445: checking if requested to force inline functions
configure:17452: result: yes
configure:17459: checking if requested to enable assert macros
configure:17466: result: yes
configure:17470: checking if requested libstdc++ debug mode
configure:17477: result: no
configure:17489: checking whether g++ supports C++11 features by default
configure:17783: g++ -c -g -O2  conftest.cpp >&5
conftest.cpp:47:2: error: "This is not a C++11 compiler"
#error "This is not a C++11 compiler"
 ^
1 error generated.
configure:17783: $? = 1
configure: failed program was:
| /* confdefs.h */
| #define PACKAGE_NAME ""
| #define PACKAGE_TARNAME ""
| #define PACKAGE_VERSION ""
| #define PACKAGE_STRING ""
| #define PACKAGE_BUGREPORT ""
| #define PACKAGE_URL ""
| #define USE_UNSTABLE_GEOS_CPP_API 1
| #define STDC_HEADERS 1
| #define HAVE_SYS_TYPES_H 1
| #define HAVE_SYS_STAT_H 1
| #define HAVE_STDLIB_H 1
| #define HAVE_STRING_H 1
| #define HAVE_MEMORY_H 1
| #define HAVE_STRINGS_H 1
| #define HAVE_INTTYPES_H 1
| #define HAVE_STDINT_H 1
| #define HAVE_UNISTD_H 1
| #define HAVE_DLFCN_H 1
| #define LT_OBJDIR ".libs/"
| #define HAVE_DIRENT_H 1
| #define HAVE_STRFTIME 1
| #define HAVE_VPRINTF 1
| #define HAVE_ALLOCA_H 1
| #define HAVE_ALLOCA 1
| #define HAVE_DIRENT_H 1
| #define STDC_HEADERS 1
| #define HAVE_MEMORY_H 1
| #define HAVE_UNISTD_H 1
| #define HAVE_SYS_FILE_H 1
| #define HAVE_SYS_TIME_H 1
| #define HAVE_STRCHR 1
| #define HAVE_MEMCPY 1
| #define HAVE_GETTIMEOFDAY 1
| /* end confdefs.h.  */
| 
| 
| // If the compiler admits that it is not ready for C++11, why torture it?
| // Hopefully, this will speed up the test.
| 
| #ifndef __cplusplus
| 
| #error "This is not a C++ compiler"
| 
| #elif __cplusplus < 201103L
| 
| #error "This is not a C++11 compiler"
| 
| #else
| 
| namespace cxx11
| {
| 
|   namespace test_static_assert
|   {
| 
|     template <typename T>
|     struct check
|     {
|       static_assert(sizeof(int) <= sizeof(T), "not big enough");
|     };
| 
|   }
| 
|   namespace test_final_override
|   {
| 
|     struct Base
|     {
|       virtual void f() {}
|     };
| 
|     struct Derived : public Base
|     {
|       virtual void f() override {}
|     };
| 
|   }
| 
|   namespace test_double_right_angle_brackets
|   {
| 
|     template < typename T >
|     struct check {};
| 
|     typedef check<void> single_type;
|     typedef check<check<void>> double_type;
|     typedef check<check<check<void>>> triple_type;
|     typedef check<check<check<check<void>>>> quadruple_type;
| 
|   }
| 
|   namespace test_decltype
|   {
| 
|     int
|     f()
|     {
|       int a = 1;
|       decltype(a) b = 2;
|       return a + b;
|     }
| 
|   }
| 
|   namespace test_type_deduction
|   {
| 
|     template < typename T1, typename T2 >
|     struct is_same
|     {
|       static const bool value = false;
|     };
| 
|     template < typename T >
|     struct is_same<T, T>
|     {
|       static const bool value = true;
|     };
| 
|     template < typename T1, typename T2 >
|     auto
|     add(T1 a1, T2 a2) -> decltype(a1 + a2)
|     {
|       return a1 + a2;
|     }
| 
|     int
|     test(const int c, volatile int v)
|     {
|       static_assert(is_same<int, decltype(0)>::value == true, "");
|       static_assert(is_same<int, decltype(c)>::value == false, "");
|       static_assert(is_same<int, decltype(v)>::value == false, "");
|       auto ac = c;
|       auto av = v;
|       auto sumi = ac + av + 'x';
|       auto sumf = ac + av + 1.0;
|       static_assert(is_same<int, decltype(ac)>::value == true, "");
|       static_assert(is_same<int, decltype(av)>::value == true, "");
|       static_assert(is_same<int, decltype(sumi)>::value == true, "");
|       static_assert(is_same<int, decltype(sumf)>::value == false, "");
|       static_assert(is_same<int, decltype(add(c, v))>::value == true, "");
|       return (sumf > 0.0) ? sumi : add(c, v);
|     }
| 
|   }
| 
|   namespace test_noexcept
|   {
| 
|     int f() { return 0; }
|     int g() noexcept { return 0; }
| 
|     static_assert(noexcept(f()) == false, "");
|     static_assert(noexcept(g()) == true, "");
| 
|   }
| 
|   namespace test_constexpr
|   {
| 
|     template < typename CharT >
|     unsigned long constexpr
|     strlen_c_r(const CharT *const s, const unsigned long acc) noexcept
|     {
|       return *s ? strlen_c_r(s + 1, acc + 1) : acc;
|     }
| 
|     template < typename CharT >
|     unsigned long constexpr
|     strlen_c(const CharT *const s) noexcept
|     {
|       return strlen_c_r(s, 0UL);
|     }
| 
|     static_assert(strlen_c("") == 0UL, "");
|     static_assert(strlen_c("1") == 1UL, "");
|     static_assert(strlen_c("example") == 7UL, "");
|     static_assert(strlen_c("another\0example") == 7UL, "");
| 
|   }
| 
|   namespace test_rvalue_references
|   {
| 
|     template < int N >
|     struct answer
|     {
|       static constexpr int value = N;
|     };
| 
|     answer<1> f(int&)       { return answer<1>(); }
|     answer<2> f(const int&) { return answer<2>(); }
|     answer<3> f(int&&)      { return answer<3>(); }
| 
|     void
|     test()
|     {
|       int i = 0;
|       const int c = 0;
|       static_assert(decltype(f(i))::value == 1, "");
|       static_assert(decltype(f(c))::value == 2, "");
|       static_assert(decltype(f(0))::value == 3, "");
|     }
| 
|   }
| 
|   namespace test_uniform_initialization
|   {
| 
|     struct test
|     {
|       static const int zero {};
|       static const int one {1};
|     };
| 
|     static_assert(test::zero == 0, "");
|     static_assert(test::one == 1, "");
| 
|   }
| 
|   namespace test_lambdas
|   {
| 
|     void
|     test1()
|     {
|       auto lambda1 = [](){};
|       auto lambda2 = lambda1;
|       lambda1();
|       lambda2();
|     }
| 
|     int
|     test2()
|     {
|       auto a = [](int i, int j){ return i + j; }(1, 2);
|       auto b = []() -> int { return '0'; }();
|       auto c = [=](){ return a + b; }();
|       auto d = [&](){ return c; }();
|       auto e = [a, &b](int x) mutable {
|         const auto identity = [](int y){ return y; };
|         for (auto i = 0; i < a; ++i)
|           a += b--;
|         return x + identity(a + b);
|       }(0);
|       return a + b + c + d + e;
|     }
| 
|     int
|     test3()
|     {
|       const auto nullary = [](){ return 0; };
|       const auto unary = [](int x){ return x; };
|       using nullary_t = decltype(nullary);
|       using unary_t = decltype(unary);
|       const auto higher1st = [](nullary_t f){ return f(); };
|       const auto higher2nd = [unary](nullary_t f1){
|         return [unary, f1](unary_t f2){ return f2(unary(f1())); };
|       };
|       return higher1st(nullary) + higher2nd(nullary)(unary);
|     }
| 
|   }
| 
|   namespace test_variadic_templates
|   {
| 
|     template <int...>
|     struct sum;
| 
|     template <int N0, int... N1toN>
|     struct sum<N0, N1toN...>
|     {
|       static constexpr auto value = N0 + sum<N1toN...>::value;
|     };
| 
|     template <>
|     struct sum<>
|     {
|       static constexpr auto value = 0;
|     };
| 
|     static_assert(sum<>::value == 0, "");
|     static_assert(sum<1>::value == 1, "");
|     static_assert(sum<23>::value == 23, "");
|     static_assert(sum<1, 2>::value == 3, "");
|     static_assert(sum<5, 5, 11>::value == 21, "");
|     static_assert(sum<2, 3, 5, 7, 11, 13>::value == 41, "");
| 
|   }
| 
|   // http://stackoverflow.com/questions/13728184/template-aliases-and-sfinae
|   // Clang 3.1 fails with headers of libstd++ 4.8.3 when using std::function
|   // because of this.
|   namespace test_template_alias_sfinae
|   {
| 
|     struct foo {};
| 
|     template<typename T>
|     using member = typename T::member_type;
| 
|     template<typename T>
|     void func(...) {}
| 
|     template<typename T>
|     void func(member<T>*) {}
| 
|     void test();
| 
|     void test() { func<foo>(0); }
| 
|   }
| 
| }  // namespace cxx11
| 
| #endif  // __cplusplus >= 201103L
| 
| 
| 
configure:17790: result: no
configure:17801: checking whether g++ supports C++11 features with -std=c++11
configure:18097: g++ -std=c++11 -c -g -O2  conftest.cpp >&5
configure:18097: $? = 0
configure:18106: result: yes
configure:18149: checking whether C++ compiler accepts -Wsuggest-override -Werror
configure:18168: g++ -std=c++11 -c -g -O2  -Wsuggest-override -Werror  conftest.cpp >&5
error: unknown warning option '-Wsuggest-override'; did you mean '-Wshift-overflow'? [-Werror,-Wunknown-warning-option]
configure:18168: $? = 1
configure: failed program was:
| /* confdefs.h */
| #define PACKAGE_NAME ""
| #define PACKAGE_TARNAME ""
| #define PACKAGE_VERSION ""
| #define PACKAGE_STRING ""
| #define PACKAGE_BUGREPORT ""
| #define PACKAGE_URL ""
| #define USE_UNSTABLE_GEOS_CPP_API 1
| #define STDC_HEADERS 1
| #define HAVE_SYS_TYPES_H 1
| #define HAVE_SYS_STAT_H 1
| #define HAVE_STDLIB_H 1
| #define HAVE_STRING_H 1
| #define HAVE_MEMORY_H 1
| #define HAVE_STRINGS_H 1
| #define HAVE_INTTYPES_H 1
| #define HAVE_STDINT_H 1
| #define HAVE_UNISTD_H 1
| #define HAVE_DLFCN_H 1
| #define LT_OBJDIR ".libs/"
| #define HAVE_DIRENT_H 1
| #define HAVE_STRFTIME 1
| #define HAVE_VPRINTF 1
| #define HAVE_ALLOCA_H 1
| #define HAVE_ALLOCA 1
| #define HAVE_DIRENT_H 1
| #define STDC_HEADERS 1
| #define HAVE_MEMORY_H 1
| #define HAVE_UNISTD_H 1
| #define HAVE_SYS_FILE_H 1
| #define HAVE_SYS_TIME_H 1
| #define HAVE_STRCHR 1
| #define HAVE_MEMCPY 1
| #define HAVE_GETTIMEOFDAY 1
| #define HAVE_CXX11 1
| /* end confdefs.h.  */
| 
| int
| main ()
| {
| 
|   ;
|   return 0;
| }
configure:18176: result: no
configure:18184: checking whether C++ compiler accepts -Wmissing-override -Werror
configure:18203: g++ -std=c++11 -c -g -O2  -Wmissing-override -Werror  conftest.cpp >&5
error: unknown warning option '-Wmissing-override' [-Werror,-Wunknown-warning-option]
configure:18203: $? = 1
configure: failed program was:
| /* confdefs.h */
| #define PACKAGE_NAME ""
| #define PACKAGE_TARNAME ""
| #define PACKAGE_VERSION ""
| #define PACKAGE_STRING ""
| #define PACKAGE_BUGREPORT ""
| #define PACKAGE_URL ""
| #define USE_UNSTABLE_GEOS_CPP_API 1
| #define STDC_HEADERS 1
| #define HAVE_SYS_TYPES_H 1
| #define HAVE_SYS_STAT_H 1
| #define HAVE_STDLIB_H 1
| #define HAVE_STRING_H 1
| #define HAVE_MEMORY_H 1
| #define HAVE_STRINGS_H 1
| #define HAVE_INTTYPES_H 1
| #define HAVE_STDINT_H 1
| #define HAVE_UNISTD_H 1
| #define HAVE_DLFCN_H 1
| #define LT_OBJDIR ".libs/"
| #define HAVE_DIRENT_H 1
| #define HAVE_STRFTIME 1
| #define HAVE_VPRINTF 1
| #define HAVE_ALLOCA_H 1
| #define HAVE_ALLOCA 1
| #define HAVE_DIRENT_H 1
| #define STDC_HEADERS 1
| #define HAVE_MEMORY_H 1
| #define HAVE_UNISTD_H 1
| #define HAVE_SYS_FILE_H 1
| #define HAVE_SYS_TIME_H 1
| #define HAVE_STRCHR 1
| #define HAVE_MEMCPY 1
| #define HAVE_GETTIMEOFDAY 1
| #define HAVE_CXX11 1
| /* end confdefs.h.  */
| 
| int
| main ()
| {
| 
|   ;
|   return 0;
| }
configure:18211: result: no
configure:18231: checking if g++ supports -pedantic
configure:18249: gcc -c -g -O2  -pedantic conftest.c >&5
configure:18253: $? = 0
configure:18266: result: yes
configure:18275: checking if g++ supports -Wall
configure:18293: gcc -c -g -O2  -Wall conftest.c >&5
configure:18297: $? = 0
configure:18310: result: yes
configure:18319: checking if g++ supports -Wno-long-long
configure:18337: gcc -c -g -O2  -Wno-long-long conftest.c >&5
configure:18341: $? = 0
configure:18354: result: yes
configure:18366: checking if g++ supports -ffloat-store
configure:18384: gcc -c -g -O2  -ffloat-store conftest.c >&5
clang: warning: optimization flag '-ffloat-store' is not supported
configure:18388: $? = 0
configure:18401: result: no
configure:18422: checking for finite
configure:18438: gcc -o conftest -g -O2   conftest.c  -lm >&5
conftest.c:41:22: warning: 'finite' is deprecated: first deprecated in macOS 10.9 [-Wdeprecated-declarations]
double x; int y; y = finite(x);
                     ^
/usr/include/math.h:757:12: note: 'finite' has been explicitly marked deprecated here
extern int finite(double) __OSX_AVAILABLE_BUT_DEPRECATED(__MAC_10_0, __MAC_10_9, __IPHONE_NA, __IPHONE_NA);
           ^
1 warning generated.
configure:18438: $? = 0
configure:18447: result: yes
configure:18455: checking for isfinite
configure:18471: gcc -o conftest -g -O2   conftest.c  -lm >&5
configure:18471: $? = 0
configure:18480: result: yes
configure:18495: checking for isnan
configure:18511: g++ -std=c++11 -o conftest -g -O2   conftest.cpp  -lm >&5
configure:18511: $? = 0
configure:18520: result: yes
configure:18538: checking whether int64_t is 64 bits
configure:18598: gcc -o conftest -g -O2   conftest.c  >&5
conftest.c:40:9: error: unknown type name 'int64_t'
typedef int64_t ac_int64;
        ^
conftest.c:63:1: warning: type specifier missing, defaults to 'int' [-Wimplicit-int]
main() {
^
conftest.c:65:5: warning: implicitly declaring library function 'exit' with type 'void (int) __attribute__((noreturn))' [-Wimplicit-function-declaration]
    exit(0);
    ^
conftest.c:65:5: note: include the header <stdlib.h> or explicitly provide a declaration for 'exit'
2 warnings and 1 error generated.
configure:18598: $? = 1
configure: program exited with status 1
configure: failed program was:
| /* confdefs.h */
| #define PACKAGE_NAME ""
| #define PACKAGE_TARNAME ""
| #define PACKAGE_VERSION ""
| #define PACKAGE_STRING ""
| #define PACKAGE_BUGREPORT ""
| #define PACKAGE_URL ""
| #define USE_UNSTABLE_GEOS_CPP_API 1
| #define STDC_HEADERS 1
| #define HAVE_SYS_TYPES_H 1
| #define HAVE_SYS_STAT_H 1
| #define HAVE_STDLIB_H 1
| #define HAVE_STRING_H 1
| #define HAVE_MEMORY_H 1
| #define HAVE_STRINGS_H 1
| #define HAVE_INTTYPES_H 1
| #define HAVE_STDINT_H 1
| #define HAVE_UNISTD_H 1
| #define HAVE_DLFCN_H 1
| #define LT_OBJDIR ".libs/"
| #define HAVE_DIRENT_H 1
| #define HAVE_STRFTIME 1
| #define HAVE_VPRINTF 1
| #define HAVE_ALLOCA_H 1
| #define HAVE_ALLOCA 1
| #define HAVE_DIRENT_H 1
| #define STDC_HEADERS 1
| #define HAVE_MEMORY_H 1
| #define HAVE_UNISTD_H 1
| #define HAVE_SYS_FILE_H 1
| #define HAVE_SYS_TIME_H 1
| #define HAVE_STRCHR 1
| #define HAVE_MEMCPY 1
| #define HAVE_GETTIMEOFDAY 1
| #define HAVE_CXX11 1
| #define HAVE_FINITE 1
| #define HAVE_ISFINITE 1
| #define HAVE_ISNAN 1
| /* end confdefs.h.  */
| typedef int64_t ac_int64;
| 
| /*
|  * These are globals to discourage the compiler from folding all the
|  * arithmetic tests down to compile-time constants.
|  */
| ac_int64 a = 20000001;
| ac_int64 b = 40000005;
| 
| int does_int64_work()
| {
|   ac_int64 c,d;
| 
|   if (sizeof(ac_int64) != 8)
|     return 0;			/* definitely not the right size */
| 
|   /* Do perfunctory checks to see if 64-bit arithmetic seems to work */
|   c = a * b;
|   d = (c + b) / b;
|   if (d != a+1)
|     return 0;
|   return 1;
| }
| main() {
|   if (does_int64_work())
|     exit(0);
|   exit(-1);
| }
configure:18608: result: no
configure:18619: checking whether long long int is 64 bits
configure:18679: gcc -o conftest -g -O2   conftest.c  >&5
conftest.c:63:1: warning: type specifier missing, defaults to 'int' [-Wimplicit-int]
main() {
^
conftest.c:65:5: warning: implicitly declaring library function 'exit' with type 'void (int) __attribute__((noreturn))' [-Wimplicit-function-declaration]
    exit(0);
    ^
conftest.c:65:5: note: include the header <stdlib.h> or explicitly provide a declaration for 'exit'
2 warnings generated.
configure:18679: $? = 0
configure:18679: ./conftest
configure:18679: $? = 0
configure:18689: result: yes
configure:19390: checking OS-specific settings
configure:19395: result: darwin15.6.0
configure:19397: checking for OS/X version
configure:19417: result: Mac OS X (Darwin 15.6.0 kernel)
configure:19555: checking that generated files are newer than configure
configure:19561: result: done
configure:19604: creating ./config.status

## ---------------------- ##
## Running config.status. ##
## ---------------------- ##

This file was extended by config.status, which was
generated by GNU Autoconf 2.69.  Invocation command line was

  CONFIG_FILES    = 
  CONFIG_HEADERS  = 
  CONFIG_LINKS    = 
  CONFIG_COMMANDS = 
  $ ./config.status 

on B0000000101351

config.status:1329: creating Makefile
config.status:1329: creating capi/Makefile
config.status:1329: creating capi/geos_c.h
config.status:1329: creating doc/Doxyfile
config.status:1329: creating doc/Makefile
config.status:1329: creating macros/Makefile
config.status:1329: creating src/Makefile
config.status:1329: creating src/algorithm/Makefile
config.status:1329: creating src/algorithm/locate/Makefile
config.status:1329: creating src/algorithm/distance/Makefile
config.status:1329: creating src/geom/Makefile
config.status:1329: creating src/geom/prep/Makefile
config.status:1329: creating src/geom/util/Makefile
config.status:1329: creating src/geomgraph/Makefile
config.status:1329: creating src/geomgraph/index/Makefile
config.status:1329: creating include/Makefile
config.status:1329: creating include/geos/Makefile
config.status:1329: creating include/geos/algorithm/Makefile
config.status:1329: creating include/geos/algorithm/locate/Makefile
config.status:1329: creating include/geos/algorithm/distance/Makefile
config.status:1329: creating include/geos/geom/Makefile
config.status:1329: creating include/geos/geom/prep/Makefile
config.status:1329: creating include/geos/geom/util/Makefile
config.status:1329: creating include/geos/geomgraph/Makefile
config.status:1329: creating include/geos/geomgraph/index/Makefile
config.status:1329: creating include/geos/index/Makefile
config.status:1329: creating include/geos/index/bintree/Makefile
config.status:1329: creating include/geos/index/chain/Makefile
config.status:1329: creating include/geos/index/intervalrtree/Makefile
config.status:1329: creating include/geos/index/quadtree/Makefile
config.status:1329: creating include/geos/index/strtree/Makefile
config.status:1329: creating include/geos/index/sweepline/Makefile
config.status:1329: creating include/geos/io/Makefile
config.status:1329: creating include/geos/linearref/Makefile
config.status:1329: creating include/geos/noding/Makefile
config.status:1329: creating include/geos/noding/snapround/Makefile
config.status:1329: creating include/geos/operation/Makefile
config.status:1329: creating include/geos/operation/buffer/Makefile
config.status:1329: creating include/geos/operation/distance/Makefile
config.status:1329: creating include/geos/operation/intersection/Makefile
config.status:1329: creating include/geos/operation/linemerge/Makefile
config.status:1329: creating include/geos/operation/overlay/Makefile
config.status:1329: creating include/geos/operation/overlay/snap/Makefile
config.status:1329: creating include/geos/operation/polygonize/Makefile
config.status:1329: creating include/geos/operation/predicate/Makefile
config.status:1329: creating include/geos/operation/relate/Makefile
config.status:1329: creating include/geos/operation/sharedpaths/Makefile
config.status:1329: creating include/geos/operation/union/Makefile
config.status:1329: creating include/geos/operation/valid/Makefile
config.status:1329: creating include/geos/planargraph/Makefile
config.status:1329: creating include/geos/planargraph/algorithm/Makefile
config.status:1329: creating include/geos/precision/Makefile
config.status:1329: creating include/geos/simplify/Makefile
config.status:1329: creating include/geos/triangulate/Makefile
config.status:1329: creating include/geos/triangulate/quadedge/Makefile
config.status:1329: creating include/geos/util/Makefile
config.status:1329: creating include/geos/version.h
config.status:1329: creating src/index/Makefile
config.status:1329: creating src/index/bintree/Makefile
config.status:1329: creating src/index/chain/Makefile
config.status:1329: creating src/index/intervalrtree/Makefile
config.status:1329: creating src/index/quadtree/Makefile
config.status:1329: creating src/index/strtree/Makefile
config.status:1329: creating src/index/sweepline/Makefile
config.status:1329: creating src/io/Makefile
config.status:1329: creating src/linearref/Makefile
config.status:1329: creating src/noding/Makefile
config.status:1329: creating src/noding/snapround/Makefile
config.status:1329: creating src/operation/Makefile
config.status:1329: creating src/operation/buffer/Makefile
config.status:1329: creating src/operation/distance/Makefile
config.status:1329: creating src/operation/intersection/Makefile
config.status:1329: creating src/operation/linemerge/Makefile
config.status:1329: creating src/operation/overlay/Makefile
config.status:1329: creating src/operation/polygonize/Makefile
config.status:1329: creating src/operation/predicate/Makefile
config.status:1329: creating src/operation/relate/Makefile
config.status:1329: creating src/operation/sharedpaths/Makefile
config.status:1329: creating src/operation/union/Makefile
config.status:1329: creating src/operation/valid/Makefile
config.status:1329: creating src/planargraph/Makefile
config.status:1329: creating src/precision/Makefile
config.status:1329: creating src/simplify/Makefile
config.status:1329: creating src/triangulate/Makefile
config.status:1329: creating src/triangulate/quadedge/Makefile
config.status:1329: creating src/util/Makefile
config.status:1329: creating swig/geos.i
config.status:1329: creating swig/Makefile
config.status:1329: creating swig/python/Makefile
config.status:1329: creating swig/python/tests/Makefile
config.status:1329: creating swig/ruby/Makefile
config.status:1329: creating swig/ruby/test/Makefile
config.status:1329: creating tests/Makefile
config.status:1329: creating tests/bigtest/Makefile
config.status:1329: creating tests/unit/Makefile
config.status:1329: creating tests/perf/Makefile
config.status:1329: creating tests/perf/operation/Makefile
config.status:1329: creating tests/perf/operation/buffer/Makefile
config.status:1329: creating tests/perf/operation/predicate/Makefile
config.status:1329: creating tests/perf/capi/Makefile
config.status:1329: creating tests/xmltester/Makefile
config.status:1329: creating tests/geostest/Makefile
config.status:1329: creating tests/thread/Makefile
config.status:1329: creating tools/Makefile
config.status:1329: creating tools/geos-config
config.status:1329: creating include/config.h
config.status:1329: creating include/geos/platform.h
config.status:1558: executing depfiles commands
config.status:1635: cd capi       && sed -e '/# am--include-marker/d' Makefile         | make -f - am--depfiles
config.status:1640: $? = 0
config.status:1635: cd doc       && sed -e '/# am--include-marker/d' Makefile         | make -f - am--depfiles
config.status:1640: $? = 0
config.status:1635: cd src       && sed -e '/# am--include-marker/d' Makefile         | make -f - am--depfiles
config.status:1640: $? = 0
config.status:1635: cd src/algorithm       && sed -e '/# am--include-marker/d' Makefile         | make -f - am--depfiles
config.status:1640: $? = 0
config.status:1635: cd src/algorithm/locate       && sed -e '/# am--include-marker/d' Makefile         | make -f - am--depfiles
config.status:1640: $? = 0
config.status:1635: cd src/algorithm/distance       && sed -e '/# am--include-marker/d' Makefile         | make -f - am--depfiles
config.status:1640: $? = 0
config.status:1635: cd src/geom       && sed -e '/# am--include-marker/d' Makefile         | make -f - am--depfiles
config.status:1640: $? = 0
config.status:1635: cd src/geom/prep       && sed -e '/# am--include-marker/d' Makefile         | make -f - am--depfiles
config.status:1640: $? = 0
config.status:1635: cd src/geom/util       && sed -e '/# am--include-marker/d' Makefile         | make -f - am--depfiles
config.status:1640: $? = 0
config.status:1635: cd src/geomgraph       && sed -e '/# am--include-marker/d' Makefile         | make -f - am--depfiles
config.status:1640: $? = 0
config.status:1635: cd src/geomgraph/index       && sed -e '/# am--include-marker/d' Makefile         | make -f - am--depfiles
config.status:1640: $? = 0
config.status:1635: cd src/index/bintree       && sed -e '/# am--include-marker/d' Makefile         | make -f - am--depfiles
config.status:1640: $? = 0
config.status:1635: cd src/index/chain       && sed -e '/# am--include-marker/d' Makefile         | make -f - am--depfiles
config.status:1640: $? = 0
config.status:1635: cd src/index/intervalrtree       && sed -e '/# am--include-marker/d' Makefile         | make -f - am--depfiles
config.status:1640: $? = 0
config.status:1635: cd src/index/quadtree       && sed -e '/# am--include-marker/d' Makefile         | make -f - am--depfiles
config.status:1640: $? = 0
config.status:1635: cd src/index/strtree       && sed -e '/# am--include-marker/d' Makefile         | make -f - am--depfiles
config.status:1640: $? = 0
config.status:1635: cd src/index/sweepline       && sed -e '/# am--include-marker/d' Makefile         | make -f - am--depfiles
config.status:1640: $? = 0
config.status:1635: cd src/io       && sed -e '/# am--include-marker/d' Makefile         | make -f - am--depfiles
config.status:1640: $? = 0
config.status:1635: cd src/linearref       && sed -e '/# am--include-marker/d' Makefile         | make -f - am--depfiles
config.status:1640: $? = 0
config.status:1635: cd src/noding       && sed -e '/# am--include-marker/d' Makefile         | make -f - am--depfiles
config.status:1640: $? = 0
config.status:1635: cd src/noding/snapround       && sed -e '/# am--include-marker/d' Makefile         | make -f - am--depfiles
config.status:1640: $? = 0
config.status:1635: cd src/operation       && sed -e '/# am--include-marker/d' Makefile         | make -f - am--depfiles
config.status:1640: $? = 0
config.status:1635: cd src/operation/buffer       && sed -e '/# am--include-marker/d' Makefile         | make -f - am--depfiles
config.status:1640: $? = 0
config.status:1635: cd src/operation/distance       && sed -e '/# am--include-marker/d' Makefile         | make -f - am--depfiles
config.status:1640: $? = 0
config.status:1635: cd src/operation/intersection       && sed -e '/# am--include-marker/d' Makefile         | make -f - am--depfiles
config.status:1640: $? = 0
config.status:1635: cd src/operation/linemerge       && sed -e '/# am--include-marker/d' Makefile         | make -f - am--depfiles
config.status:1640: $? = 0
config.status:1635: cd src/operation/overlay       && sed -e '/# am--include-marker/d' Makefile         | make -f - am--depfiles
config.status:1640: $? = 0
config.status:1635: cd src/operation/polygonize       && sed -e '/# am--include-marker/d' Makefile         | make -f - am--depfiles
config.status:1640: $? = 0
config.status:1635: cd src/operation/predicate       && sed -e '/# am--include-marker/d' Makefile         | make -f - am--depfiles
config.status:1640: $? = 0
config.status:1635: cd src/operation/relate       && sed -e '/# am--include-marker/d' Makefile         | make -f - am--depfiles
config.status:1640: $? = 0
config.status:1635: cd src/operation/sharedpaths       && sed -e '/# am--include-marker/d' Makefile         | make -f - am--depfiles
config.status:1640: $? = 0
config.status:1635: cd src/operation/union       && sed -e '/# am--include-marker/d' Makefile         | make -f - am--depfiles
config.status:1640: $? = 0
config.status:1635: cd src/operation/valid       && sed -e '/# am--include-marker/d' Makefile         | make -f - am--depfiles
config.status:1640: $? = 0
config.status:1635: cd src/planargraph       && sed -e '/# am--include-marker/d' Makefile         | make -f - am--depfiles
config.status:1640: $? = 0
config.status:1635: cd src/precision       && sed -e '/# am--include-marker/d' Makefile         | make -f - am--depfiles
config.status:1640: $? = 0
config.status:1635: cd src/simplify       && sed -e '/# am--include-marker/d' Makefile         | make -f - am--depfiles
config.status:1640: $? = 0
config.status:1635: cd src/triangulate       && sed -e '/# am--include-marker/d' Makefile         | make -f - am--depfiles
config.status:1640: $? = 0
config.status:1635: cd src/triangulate/quadedge       && sed -e '/# am--include-marker/d' Makefile         | make -f - am--depfiles
config.status:1640: $? = 0
config.status:1635: cd src/util       && sed -e '/# am--include-marker/d' Makefile         | make -f - am--depfiles
config.status:1640: $? = 0
config.status:1635: cd swig/python       && sed -e '/# am--include-marker/d' Makefile         | make -f - am--depfiles
config.status:1640: $? = 0
config.status:1635: cd swig/ruby       && sed -e '/# am--include-marker/d' Makefile         | make -f - am--depfiles
config.status:1640: $? = 0
config.status:1635: cd tests/bigtest       && sed -e '/# am--include-marker/d' Makefile         | make -f - am--depfiles
config.status:1640: $? = 0
config.status:1635: cd tests/unit       && sed -e '/# am--include-marker/d' Makefile         | make -f - am--depfiles
config.status:1640: $? = 0
config.status:1635: cd tests/perf       && sed -e '/# am--include-marker/d' Makefile         | make -f - am--depfiles
config.status:1640: $? = 0
config.status:1635: cd tests/perf/operation/buffer       && sed -e '/# am--include-marker/d' Makefile         | make -f - am--depfiles
config.status:1640: $? = 0
config.status:1635: cd tests/perf/operation/predicate       && sed -e '/# am--include-marker/d' Makefile         | make -f - am--depfiles
config.status:1640: $? = 0
config.status:1635: cd tests/perf/capi       && sed -e '/# am--include-marker/d' Makefile         | make -f - am--depfiles
config.status:1640: $? = 0
config.status:1635: cd tests/xmltester       && sed -e '/# am--include-marker/d' Makefile         | make -f - am--depfiles
config.status:1640: $? = 0
config.status:1635: cd tests/geostest       && sed -e '/# am--include-marker/d' Makefile         | make -f - am--depfiles
config.status:1640: $? = 0
config.status:1635: cd tests/thread       && sed -e '/# am--include-marker/d' Makefile         | make -f - am--depfiles
config.status:1640: $? = 0
config.status:1558: executing libtool commands

## ---------------- ##
## Cache variables. ##
## ---------------- ##

ac_cv_build=x86_64-apple-darwin15.6.0
ac_cv_c_compiler_gnu=yes
ac_cv_c_const=yes
ac_cv_cxx_compiler_gnu=yes
ac_cv_env_CCC_set=
ac_cv_env_CCC_value=
ac_cv_env_CC_set=
ac_cv_env_CC_value=
ac_cv_env_CFLAGS_set=
ac_cv_env_CFLAGS_value=
ac_cv_env_CPPFLAGS_set=
ac_cv_env_CPPFLAGS_value=
ac_cv_env_CPP_set=
ac_cv_env_CPP_value=
ac_cv_env_CXXCPP_set=
ac_cv_env_CXXCPP_value=
ac_cv_env_CXXFLAGS_set=
ac_cv_env_CXXFLAGS_value=
ac_cv_env_CXX_set=
ac_cv_env_CXX_value=
ac_cv_env_LDFLAGS_set=
ac_cv_env_LDFLAGS_value=
ac_cv_env_LIBS_set=
ac_cv_env_LIBS_value=
ac_cv_env_LT_SYS_LIBRARY_PATH_set=
ac_cv_env_LT_SYS_LIBRARY_PATH_value=
ac_cv_env_PYTHON_set=
ac_cv_env_PYTHON_value=
ac_cv_env_build_alias_set=
ac_cv_env_build_alias_value=
ac_cv_env_host_alias_set=
ac_cv_env_host_alias_value=
ac_cv_env_target_alias_set=
ac_cv_env_target_alias_value=
ac_cv_finite=yes
ac_cv_func__doprnt=no
ac_cv_func_alloca_works=yes
ac_cv_func_closedir_void=no
ac_cv_func_gettimeofday=yes
ac_cv_func_memcmp_working=yes
ac_cv_func_memcpy=yes
ac_cv_func_strchr=yes
ac_cv_func_strftime=yes
ac_cv_func_vprintf=yes
ac_cv_header_dirent_dirent_h=yes
ac_cv_header_dlfcn_h=yes
ac_cv_header_ieeefp_h=no
ac_cv_header_inttypes_h=yes
ac_cv_header_memory_h=yes
ac_cv_header_stat_broken=no
ac_cv_header_stdc=yes
ac_cv_header_stdint_h=yes
ac_cv_header_stdlib_h=yes
ac_cv_header_string_h=yes
ac_cv_header_strings_h=yes
ac_cv_header_sys_file_h=yes
ac_cv_header_sys_stat_h=yes
ac_cv_header_sys_time_h=yes
ac_cv_header_sys_types_h=yes
ac_cv_header_unistd_h=yes
ac_cv_host=x86_64-apple-darwin15.6.0
ac_cv_isfinite=yes
ac_cv_isnan=yes
ac_cv_lib_dl_dlopen=yes
ac_cv_objext=o
ac_cv_path_EGREP='/usr/bin/grep -E'
ac_cv_path_FGREP='/usr/bin/grep -F'
ac_cv_path_GREP=/usr/bin/grep
ac_cv_path_SED=/usr/bin/sed
ac_cv_path_install='/usr/bin/install -c'
ac_cv_path_lt_DD=/bin/dd
ac_cv_prog_AWK=awk
ac_cv_prog_CPP='gcc -E'
ac_cv_prog_CXXCPP='g++ -E'
ac_cv_prog_ac_ct_AR=ar
ac_cv_prog_ac_ct_CC=gcc
ac_cv_prog_ac_ct_CXX=g++
ac_cv_prog_ac_ct_DLLTOOL=dlltool
ac_cv_prog_ac_ct_DSYMUTIL=dsymutil
ac_cv_prog_ac_ct_LIPO=lipo
ac_cv_prog_ac_ct_NMEDIT=nmedit
ac_cv_prog_ac_ct_OBJDUMP=objdump
ac_cv_prog_ac_ct_OTOOL=otool
ac_cv_prog_ac_ct_RANLIB=ranlib
ac_cv_prog_ac_ct_STRIP=strip
ac_cv_prog_cc_c89=
ac_cv_prog_cc_g=yes
ac_cv_prog_cxx_g=yes
ac_cv_prog_make_make_set=yes
ac_cv_search_opendir='none required'
ac_cv_search_strerror='none required'
ac_cv_struct_tm=time.h
ac_cv_target=x86_64-apple-darwin15.6.0
ac_cv_type_size_t=yes
ac_cv_working_alloca_h=yes
am_cv_CC_dependencies_compiler_type=gcc3
am_cv_CXX_dependencies_compiler_type=gcc3
am_cv_make_support_nested_variables=yes
am_cv_prog_cc_c_o=yes
ax_cv_check_cxxflags___Wmissing_override__Werror=no
ax_cv_check_cxxflags___Wsuggest_override__Werror=no
ax_cv_cxx_compile_cxx11=no
ax_cv_cxx_compile_cxx11__std_cpp11=yes
dummy_cv_ffloat_store=no
dummy_cv_pedantic=yes
dummy_cv_wall=yes
dummy_cv_wno_long_long=yes
lt_cv_apple_cc_single_mod=yes
lt_cv_ar_at_file=no
lt_cv_deplibs_check_method=pass_all
lt_cv_dlopen=dlopen
lt_cv_dlopen_libs=-ldl
lt_cv_dlopen_self=yes
lt_cv_dlopen_self_static=yes
lt_cv_file_magic_cmd='$MAGIC_CMD'
lt_cv_file_magic_test_file=
lt_cv_ld_exported_symbols_list=yes
lt_cv_ld_force_load=yes
lt_cv_ld_reload_flag=-r
lt_cv_nm_interface='BSD nm'
lt_cv_objdir=.libs
lt_cv_path_LD=/Applications/Xcode.app/Contents/Developer/Toolchains/XcodeDefault.xctoolchain/usr/bin/ld
lt_cv_path_LDCXX=/Applications/Xcode.app/Contents/Developer/Toolchains/XcodeDefault.xctoolchain/usr/bin/ld
lt_cv_path_NM='/usr/bin/nm -B'
lt_cv_path_mainfest_tool=no
lt_cv_prog_compiler_c_o=yes
lt_cv_prog_compiler_c_o_CXX=yes
lt_cv_prog_compiler_pic='-fno-common -DPIC'
lt_cv_prog_compiler_pic_CXX='-fno-common -DPIC'
lt_cv_prog_compiler_pic_works=yes
lt_cv_prog_compiler_pic_works_CXX=yes
lt_cv_prog_compiler_rtti_exceptions=yes
lt_cv_prog_compiler_static_works=no
lt_cv_prog_compiler_static_works_CXX=no
lt_cv_prog_gnu_ld=no
lt_cv_prog_gnu_ldcxx=no
lt_cv_sharedlib_from_linklib_cmd='printf %s\n'
lt_cv_sys_global_symbol_pipe='sed -n -e '\''s/^.*[	 ]\([BCDEGRST][BCDEGRST]*\)[	 ][	 ]*_\([_A-Za-z][_A-Za-z0-9]*\)$/\1 _\2 \2/p'\'' | sed '\''/ __gnu_lto/d'\'''
lt_cv_sys_global_symbol_to_c_name_address='sed -n -e '\''s/^: \(.*\) .*$/  {"\1", (void *) 0},/p'\'' -e '\''s/^[BCDEGRST][BCDEGRST]* .* \(.*\)$/  {"\1", (void *) \&\1},/p'\'''
lt_cv_sys_global_symbol_to_c_name_address_lib_prefix='sed -n -e '\''s/^: \(.*\) .*$/  {"\1", (void *) 0},/p'\'' -e '\''s/^[BCDEGRST][BCDEGRST]* .* \(lib.*\)$/  {"\1", (void *) \&\1},/p'\'' -e '\''s/^[BCDEGRST][BCDEGRST]* .* \(.*\)$/  {"lib\1", (void *) \&\1},/p'\'''
lt_cv_sys_global_symbol_to_cdecl='sed -n -e '\''s/^T .* \(.*\)$/extern int \1();/p'\'' -e '\''s/^[BCDEGRST][BCDEGRST]* .* \(.*\)$/extern char \1;/p'\'''
lt_cv_sys_global_symbol_to_import=
lt_cv_sys_max_cmd_len=196608
lt_cv_to_host_file_cmd=func_convert_file_noop
lt_cv_to_tool_file_cmd=func_convert_file_noop
lt_cv_truncate_bin='/bin/dd bs=4096 count=1'
pgac_cv_type_int64_t_64=no
pgac_cv_type_long_long_int_64=yes

## ----------------- ##
## Output variables. ##
## ----------------- ##

ACLOCAL='${SHELL} /Users/baidu/zhangsen/zhangtuo/work/cmake/dependency/geos-3.7.1/missing aclocal-1.16'
ALLOCA=''
AMDEPBACKSLASH='\'
AMDEP_FALSE='#'
AMDEP_TRUE=''
AMTAR='$${TAR-tar}'
AM_BACKSLASH='\'
AM_CFLAGS='  -pedantic -Wall -Wno-long-long  -DUSE_UNSTABLE_GEOS_CPP_API'
AM_CXXFLAGS=' -DGEOS_INLINE  -pedantic -Wall -Wno-long-long  -DUSE_UNSTABLE_GEOS_CPP_API'
AM_DEFAULT_V='$(AM_DEFAULT_VERBOSITY)'
AM_DEFAULT_VERBOSITY='1'
AM_V='$(V)'
AR='ar'
AS='as'
AUTOCONF='${SHELL} /Users/baidu/zhangsen/zhangtuo/work/cmake/dependency/geos-3.7.1/missing autoconf'
AUTOHEADER='${SHELL} /Users/baidu/zhangsen/zhangtuo/work/cmake/dependency/geos-3.7.1/missing autoheader'
AUTOMAKE='${SHELL} /Users/baidu/zhangsen/zhangtuo/work/cmake/dependency/geos-3.7.1/missing automake-1.16'
AWK='awk'
CAPI_INTERFACE_AGE='11'
CAPI_INTERFACE_CURRENT='12'
CAPI_INTERFACE_REVISION='1'
CAPI_VERSION='1.11.1'
CAPI_VERSION_MAJOR='1'
CAPI_VERSION_MINOR='11'
CAPI_VERSION_PATCH='1'
CC='gcc'
CCDEPMODE='depmode=gcc3'
CFLAGS='-g -O2'
CPP='gcc -E'
CPPFLAGS=''
CXX='g++ -std=c++11'
CXXCPP='g++ -E -std=c++11'
CXXDEPMODE='depmode=gcc3'
CXXFLAGS='-g -O2'
CYGPATH_W='echo'
DEFS='-DHAVE_CONFIG_H'
DEPDIR='.deps'
DLLTOOL='dlltool'
DSYMUTIL='dsymutil'
DUMPBIN=''
ECHO_C='\c'
ECHO_N=''
ECHO_T=''
EGREP='/usr/bin/grep -E'
ENABLE_PYTHON_FALSE=''
ENABLE_PYTHON_TRUE='#'
ENABLE_RUBY_FALSE=''
ENABLE_RUBY_TRUE='#'
ENABLE_SWIG_FALSE=''
ENABLE_SWIG_TRUE='#'
EXEEXT=''
FGREP='/usr/bin/grep -F'
GREP='/usr/bin/grep'
HAVE_CXX11='1'
INLINE_FLAGS='-DGEOS_INLINE'
INSTALL_DATA='${INSTALL} -m 644'
INSTALL_PROGRAM='${INSTALL}'
INSTALL_SCRIPT='${INSTALL}'
INSTALL_STRIP_PROGRAM='$(install_sh) -c -s'
INTERFACE_AGE=''
INTERFACE_CURRENT=''
INTERFACE_REVISION=''
JTS_PORT='1.13.0'
LD='/Applications/Xcode.app/Contents/Developer/Toolchains/XcodeDefault.xctoolchain/usr/bin/ld'
LDFLAGS=''
LIBOBJS=''
LIBS=''
LIBTOOL='$(SHELL) $(top_builddir)/libtool'
LIPO='lipo'
LN_S='ln -s'
LTLIBOBJS=''
LT_SYS_LIBRARY_PATH=''
MAINT='#'
MAINTAINER_MODE_FALSE=''
MAINTAINER_MODE_TRUE='#'
MAKEINFO='${SHELL} /Users/baidu/zhangsen/zhangtuo/work/cmake/dependency/geos-3.7.1/missing makeinfo'
MANIFEST_TOOL=':'
MKDIR_P='./install-sh -c -d'
NM='/usr/bin/nm -B'
NMEDIT='nmedit'
OBJDUMP='objdump'
OBJEXT='o'
OTOOL64=':'
OTOOL='otool'
PACKAGE='geos'
PACKAGE_BUGREPORT=''
PACKAGE_NAME=''
PACKAGE_STRING=''
PACKAGE_TARNAME=''
PACKAGE_URL=''
PACKAGE_VERSION=''
PATH_SEPARATOR=':'
PYTHON=''
PYTHON_CPPFLAGS=''
PYTHON_EXEC_PREFIX=''
PYTHON_EXTRA_LIBS=''
PYTHON_LDFLAGS=''
PYTHON_PLATFORM=''
PYTHON_PREFIX=''
PYTHON_SITE_PKG=''
PYTHON_VERSION=''
RANLIB='ranlib'
RUBY=''
RUBY_ARCH_INCLUDE_DIR=''
RUBY_ARCH_LIB_DIR=''
RUBY_BIN_DIR=''
RUBY_EXTENSION_DIR=''
RUBY_INCLUDE_DIR=''
RUBY_LIB_DIR=''
RUBY_SHARED_LIB=''
RUBY_SITE_ARCH=''
RUBY_SO_NAME=''
RUBY_VERSION=''
SED='/usr/bin/sed'
SET_MAKE=''
SHELL='/bin/sh'
STRIP='strip'
SWIG=''
SWIG_LIB=''
SWIG_PYTHON_CPPFLAGS=''
SWIG_PYTHON_OPT=''
VERSION='3.7.1'
VERSION_MAJOR='3'
VERSION_MINOR='7'
VERSION_PATCH='1'
VERSION_RELEASE='3.7.1'
ac_ct_AR='ar'
ac_ct_CC='gcc'
ac_ct_CXX='g++'
ac_ct_DUMPBIN=''
am__EXEEXT_FALSE=''
am__EXEEXT_TRUE='#'
am__fastdepCC_FALSE='#'
am__fastdepCC_TRUE=''
am__fastdepCXX_FALSE='#'
am__fastdepCXX_TRUE=''
am__include='include'
am__isrc=''
am__leading_dot='.'
am__nodep='_no'
am__quote=''
am__tar='$${TAR-tar} chof - "$$tardir"'
am__untar='$${TAR-tar} xf -'
bindir='${exec_prefix}/bin'
build='x86_64-apple-darwin15.6.0'
build_alias=''
build_cpu='x86_64'
build_os='darwin15.6.0'
build_vendor='apple'
datadir='${datarootdir}'
datarootdir='${prefix}/share'
docdir='${datarootdir}/doc/${PACKAGE}'
dvidir='${docdir}'
exec_prefix='${prefix}'
host='x86_64-apple-darwin15.6.0'
host_alias=''
host_cpu='x86_64'
host_os='darwin15.6.0'
host_vendor='apple'
htmldir='${docdir}'
includedir='${prefix}/include'
infodir='${datarootdir}/info'
install_sh='${SHELL} /Users/baidu/zhangsen/zhangtuo/work/cmake/dependency/geos-3.7.1/install-sh'
libdir='${exec_prefix}/lib'
libexecdir='${exec_prefix}/libexec'
localedir='${datarootdir}/locale'
localstatedir='${prefix}/var'
mandir='${datarootdir}/man'
mkdir_p='$(MKDIR_P)'
oldincludedir='/usr/include'
pdfdir='${docdir}'
pkgpyexecdir=''
pkgpythondir=''
prefix='/Users/baidu/zhangsen/zhangtuo/work/cmake/dependency'
program_transform_name='s,x,x,'
psdir='${docdir}'
pyexecdir=''
pythondir=''
sbindir='${exec_prefix}/sbin'
sharedstatedir='${prefix}/com'
sysconfdir='${prefix}/etc'
target='x86_64-apple-darwin15.6.0'
target_alias=''
target_cpu='x86_64'
target_os='darwin15.6.0'
target_vendor='apple'

## ----------- ##
## confdefs.h. ##
## ----------- ##

/* confdefs.h */
#define PACKAGE_NAME ""
#define PACKAGE_TARNAME ""
#define PACKAGE_VERSION ""
#define PACKAGE_STRING ""
#define PACKAGE_BUGREPORT ""
#define PACKAGE_URL ""
#define USE_UNSTABLE_GEOS_CPP_API 1
#define STDC_HEADERS 1
#define HAVE_SYS_TYPES_H 1
#define HAVE_SYS_STAT_H 1
#define HAVE_STDLIB_H 1
#define HAVE_STRING_H 1
#define HAVE_MEMORY_H 1
#define HAVE_STRINGS_H 1
#define HAVE_INTTYPES_H 1
#define HAVE_STDINT_H 1
#define HAVE_UNISTD_H 1
#define HAVE_DLFCN_H 1
#define LT_OBJDIR ".libs/"
#define HAVE_DIRENT_H 1
#define HAVE_STRFTIME 1
#define HAVE_VPRINTF 1
#define HAVE_ALLOCA_H 1
#define HAVE_ALLOCA 1
#define HAVE_DIRENT_H 1
#define STDC_HEADERS 1
#define HAVE_MEMORY_H 1
#define HAVE_UNISTD_H 1
#define HAVE_SYS_FILE_H 1
#define HAVE_SYS_TIME_H 1
#define HAVE_STRCHR 1
#define HAVE_MEMCPY 1
#define HAVE_GETTIMEOFDAY 1
#define HAVE_CXX11 1
#define HAVE_FINITE 1
#define HAVE_ISFINITE 1
#define HAVE_ISNAN 1
#define HAVE_LONG_LONG_INT_64 1

configure: exit 0
